<?xml version="1.0" encoding="UTF-8"?>
<!-- Generated by org.testng.reporters.JUnitReportReporter -->
<testsuite hostname="DESKTOP-9HVER1J" failures="0" tests="5" name="testcase.SauceLoginPageTest" time="1.713" errors="0" timestamp="2022-08-12T00:03:11 IST" skipped="0">
  <testcase classname="testcase.SauceLoginPageTest" name="Login" time="0.411"/>
  <system-out/>
  <testcase classname="testcase.SauceLoginPageTest" name="productSearchByHighToLowPrice" time="0.193"/>
  <system-out/>
  <testcase classname="testcase.SauceLoginPageTest" name="selectProductByName" time="0.236"/>
  <system-out/>
  <testcase classname="testcase.SauceLoginPageTest" name="selectProductByName" time="0.235"/>
  <system-out/>
  <testcase classname="testcase.SauceLoginPageTest" name="proceedeForPurchase" time="0.638"/>
  <system-out/>
</testsuite> <!-- testcase.SauceLoginPageTest -->
