<?xml version="1.0" encoding="UTF-8"?>
<!-- Generated by org.testng.reporters.JUnitReportReporter -->
<testsuite hostname="DESKTOP-9HVER1J" failures="0" tests="5" name="testcase.SauceLoginPageTest" time="1.968" errors="0" timestamp="2022-08-11T16:20:05 IST" skipped="0">
  <testcase classname="testcase.SauceLoginPageTest" name="Login" time="0.406"/>
  <system-out/>
  <testcase classname="testcase.SauceLoginPageTest" name="Login" time="0.409"/>
  <system-out/>
  <testcase classname="testcase.SauceLoginPageTest" name="productSearchByHighToLowPrice" time="0.238"/>
  <system-out/>
  <testcase classname="testcase.SauceLoginPageTest" name="Login" time="0.561"/>
  <system-out/>
  <testcase classname="testcase.SauceLoginPageTest" name="Login" time="0.354"/>
  <system-out/>
</testsuite> <!-- testcase.SauceLoginPageTest -->
