<?xml version="1.0" encoding="UTF-8"?>
<!-- Generated by org.testng.reporters.JUnitReportReporter -->
<testsuite hostname="DESKTOP-9HVER1J" failures="0" tests="9" name="testcase.SauceLoginPageTest" time="8.065" errors="0" timestamp="2022-08-11T20:02:05 IST" skipped="0">
  <testcase classname="testcase.SauceLoginPageTest" name="Login" time="0.385"/>
  <system-out/>
  <testcase classname="testcase.SauceLoginPageTest" name="Login" time="0.631"/>
  <system-out/>
  <testcase classname="testcase.SauceLoginPageTest" name="Login" time="0.409"/>
  <system-out/>
  <testcase classname="testcase.SauceLoginPageTest" name="Login" time="0.331"/>
  <system-out/>
  <testcase classname="testcase.SauceLoginPageTest" name="productSearchByHighToLowPrice" time="0.336"/>
  <system-out/>
  <testcase classname="testcase.SauceLoginPageTest" name="selectProductByName" time="0.080"/>
  <system-out/>
  <testcase classname="testcase.SauceLoginPageTest" name="addProductInCart" time="0.130"/>
  <system-out/>
  <testcase classname="testcase.SauceLoginPageTest" name="proceedeForPurchase" time="0.582"/>
  <system-out/>
  <testcase classname="testcase.SauceLoginPageTest" name="logout" time="5.181"/>
  <system-out/>
</testsuite> <!-- testcase.SauceLoginPageTest -->
