<?xml version="1.0" encoding="UTF-8"?>
<!-- Generated by org.testng.reporters.JUnitReportReporter -->
<testsuite hostname="DESKTOP-9HVER1J" failures="0" tests="1" name="testcase.SauceLoginPageTest" time="0.796" errors="0" timestamp="2022-08-09T11:05:24 IST" skipped="0">
  <testcase classname="testcase.SauceLoginPageTest" name="Login" time="0.796"/>
  <system-out/>
</testsuite> <!-- testcase.SauceLoginPageTest -->
