<?xml version="1.0" encoding="UTF-8"?>
<!-- Generated by org.testng.reporters.JUnitReportReporter -->
<testsuite hostname="DESKTOP-9HVER1J" failures="0" tests="4" name="testcase.SauceLoginPageTest" time="35.413" errors="0" timestamp="2022-08-09T16:20:22 IST" skipped="0">
  <testcase classname="testcase.SauceLoginPageTest" name="Login" time="7.750"/>
  <system-out/>
  <testcase classname="testcase.SauceLoginPageTest" name="Login" time="10.099"/>
  <system-out/>
  <testcase classname="testcase.SauceLoginPageTest" name="Login" time="10.623"/>
  <system-out/>
  <testcase classname="testcase.SauceLoginPageTest" name="Login" time="6.941"/>
  <system-out/>
</testsuite> <!-- testcase.SauceLoginPageTest -->
