<?xml version="1.0" encoding="UTF-8"?>
<!-- Generated by org.testng.reporters.JUnitReportReporter -->
<testsuite hostname="DESKTOP-9HVER1J" failures="0" tests="6" name="testcase.SauceLoginPageTest" time="2.758" errors="0" timestamp="2022-08-13T15:38:47 IST" skipped="0">
  <testcase classname="testcase.SauceLoginPageTest" name="Login" time="0.432"/>
  <system-out/>
  <testcase classname="testcase.SauceLoginPageTest" name="Login" time="0.587"/>
  <system-out/>
  <testcase classname="testcase.SauceLoginPageTest" name="selectProductByName" time="0.439"/>
  <system-out/>
  <testcase classname="testcase.SauceLoginPageTest" name="selectProductByName" time="0.358"/>
  <system-out/>
  <testcase classname="testcase.SauceLoginPageTest" name="proceedeForPurchase" time="0.729"/>
  <system-out/>
  <testcase classname="testcase.SauceLoginPageTest" name="logout" time="0.213"/>
  <system-out/>
</testsuite> <!-- testcase.SauceLoginPageTest -->
